ChoiKaLok_Lab02A/app/build/intermediates/manifest_merge_blame_file/debug/manifest-merger-blame-debug-report.txt
1<?xml version="1.0" encoding="utf-8"?>
2<manifest xmlns:android="http://schemas.android.com/apk/res/android"
3    package="com.example.jsondemo"
4    android:versionCode="1"
5    android:versionName="1.0" >
6
7    <uses-sdk
7-->src\main\AndroidManifest.xml:7:5-47
8        android:minSdkVersion="21"
8-->src\main\AndroidManifest.xml:7:5-47
9        android:targetSdkVersion="29" />
9-->src\main\AndroidManifest.xml:7:15-44
10
11    <application
11-->src\main\AndroidManifest.xml:9:5-26:19
12        android:allowBackup="true"
12-->src\main\AndroidManifest.xml:10:9-35
13        android:appComponentFactory="android.support.v4.app.CoreComponentFactory"
13-->[com.android.support:support-compat:28.0.0] AndroidManifest.xml:22:18-91
14        android:debuggable="true"
15        android:icon="@drawable/ic_launcher"
15-->src\main\AndroidManifest.xml:11:9-45
16        android:label="@string/app_name"
16-->src\main\AndroidManifest.xml:12:9-41
17        android:testOnly="true"
18        android:theme="@style/AppTheme" >
18-->src\main\AndroidManifest.xml:13:9-40
19        <activity
19-->src\main\AndroidManifest.xml:14:9-16:40
20            android:name="com.example.jsondemo.DetailsActivity"
20-->src\main\AndroidManifest.xml:15:13-44
21            android:exported="false" />
21-->src\main\AndroidManifest.xml:16:13-37
22        <activity
22-->src\main\AndroidManifest.xml:17:9-25:20
23            android:name="com.example.jsondemo.MainActivity"
23-->src\main\AndroidManifest.xml:18:13-41
24            android:label="@string/app_name" >
24-->src\main\AndroidManifest.xml:19:13-45
25            <intent-filter>
25-->src\main\AndroidManifest.xml:20:13-24:29
26                <action android:name="android.intent.action.MAIN" />
26-->src\main\AndroidManifest.xml:21:17-69
26-->src\main\AndroidManifest.xml:21:25-66
27
28                <category android:name="android.intent.category.LAUNCHER" />
28-->src\main\AndroidManifest.xml:23:17-77
28-->src\main\AndroidManifest.xml:23:27-74
29            </intent-filter>
30        </activity>
31    </application>
32
33</manifest>